<?xml version="1.0" encoding="UTF-8"?>
<testsuite xmlns:xsi="http://www.w3.org/2001/XMLSchema-instance" xsi:schemaLocation="https://maven.apache.org/surefire/maven-surefire-plugin/xsd/surefire-test-report.xsd" name="proyecto_division.DivisionTest" time="0.008" tests="5" errors="0" skipped="0" failures="2">
  <properties>
[...]
</properties>
  <testcase name="proyecto_division.DivisionTest.testDivisorCaracter" classname="proyecto_division.DivisionTest" time="0.007">
    <failure message="Expected java.lang.Exception to be thrown, but nothing was thrown." type="org.opentest4j.AssertionFailedError">org.opentest4j.AssertionFailedError: Expected java.lang.Exception to be thrown, but nothing was thrown.
	at org.junit.jupiter.api.AssertThrows.assertThrows(AssertThrows.java:71)
	at org.junit.jupiter.api.AssertThrows.assertThrows(AssertThrows.java:37)
	at org.junit.jupiter.api.Assertions.assertThrows(Assertions.java:3007)
	at proyecto_division.DivisionTest.testDivisorCaracter(DivisionTest.java:85)
</failure>
    <system-out><![CDATA[calcularDivisorCaracter
]]></system-out>
  </testcase>
  <testcase name="proyecto_division.DivisionTest.testDivisionCaracter" classname="proyecto_division.DivisionTest" time="0.001">
    <failure message="Expected java.lang.Exception to be thrown, but nothing was thrown." type="org.opentest4j.AssertionFailedError">org.opentest4j.AssertionFailedError: Expected java.lang.Exception to be thrown, but nothing was thrown.
	at org.junit.jupiter.api.AssertThrows.assertThrows(AssertThrows.java:71)
	at org.junit.jupiter.api.AssertThrows.assertThrows(AssertThrows.java:37)
	at org.junit.jupiter.api.Assertions.assertThrows(Assertions.java:3007)
	at proyecto_division.DivisionTest.testDivisionCaracter(DivisionTest.java:73)
</failure>
    <system-out><![CDATA[calcularDivisionCaracter
]]></system-out>
  </testcase>
  <testcase name="proyecto_division.DivisionTest.testDivisionPositiva" classname="proyecto_division.DivisionTest" time="0"/>
  <testcase name="proyecto_division.DivisionTest.testDivisionNegativa" classname="proyecto_division.DivisionTest" time="0"/>
  <testcase name="proyecto_division.DivisionTest.testDivisionNula" classname="proyecto_division.DivisionTest" time="0"/>
</testsuite>